<?xml version="1.0" encoding="UTF-8"?>
<testng-results ignored="0" total="1" passed="1" failed="0" skipped="0">
  <reporter-output>
    <line>
      <![CDATA[Homepage is displayed]]>
    </line>
  </reporter-output>
  <suite started-at="2024-07-26T11:07:33 IST" name="Default suite" finished-at="2024-07-26T11:07:36 IST" duration-ms="3095">
    <groups>
    </groups>
    <test started-at="2024-07-26T11:07:33 IST" name="Default test" finished-at="2024-07-26T11:07:36 IST" duration-ms="3095">
      <class name="scripts.ValidLogin">
        <test-method is-config="true" signature="createReport()[pri:0, instance:scripts.ValidLogin@2d1ef81a]" started-at="2024-07-26T11:07:32 IST" name="createReport" finished-at="2024-07-26T11:07:33 IST" duration-ms="127" status="PASS">
          <reporter-output>
          </reporter-output>
        </test-method> <!-- createReport -->
        <test-method is-config="true" signature="preCondition(java.lang.reflect.Method)[pri:0, instance:scripts.ValidLogin@2d1ef81a]" started-at="2024-07-26T11:07:33 IST" name="preCondition" finished-at="2024-07-26T11:07:34 IST" duration-ms="1694" status="PASS">
          <params>
            <param index="0">
              <value>
                <![CDATA[public void scripts.ValidLogin.testValidLogin()]]>
              </value>
            </param>
          </params>
          <reporter-output>
          </reporter-output>
        </test-method> <!-- preCondition -->
        <test-method signature="testValidLogin()[pri:1, instance:scripts.ValidLogin@2d1ef81a]" started-at="2024-07-26T11:07:34 IST" name="testValidLogin" finished-at="2024-07-26T11:07:36 IST" duration-ms="1254" status="PASS">
          <reporter-output>
            <line>
              <![CDATA[Homepage is displayed]]>
            </line>
          </reporter-output>
        </test-method> <!-- testValidLogin -->
        <test-method is-config="true" signature="postCondition(org.testng.ITestResult)[pri:0, instance:scripts.ValidLogin@2d1ef81a]" started-at="2024-07-26T11:07:36 IST" name="postCondition" finished-at="2024-07-26T11:07:36 IST" duration-ms="129" status="PASS">
          <params>
            <param index="0">
              <value>
                <![CDATA[[TestResult name=testValidLogin status=SUCCESS method=ValidLogin.testValidLogin()[pri:1, instance:scripts.ValidLogin@2d1ef81a] output=Homepage is displayed]]]>
              </value>
            </param>
          </params>
          <reporter-output>
          </reporter-output>
        </test-method> <!-- postCondition -->
        <test-method is-config="true" signature="publishReport()[pri:0, instance:scripts.ValidLogin@2d1ef81a]" started-at="2024-07-26T11:07:36 IST" name="publishReport" finished-at="2024-07-26T11:07:36 IST" duration-ms="167" status="PASS">
          <reporter-output>
          </reporter-output>
        </test-method> <!-- publishReport -->
      </class> <!-- scripts.ValidLogin -->
    </test> <!-- Default test -->
  </suite> <!-- Default suite -->
</testng-results>
